<?xml version="1.0" encoding="UTF-8"?>
<testsuite xmlns:xsi="http://www.w3.org/2001/XMLSchema-instance" xsi:noNamespaceSchemaLocation="https://maven.apache.org/surefire/maven-surefire-plugin/xsd/surefire-test-report-3.0.xsd" version="3.0" name="runners.TestRunner" time="20.163" tests="25" errors="0" skipped="0" failures="0">
  <properties>
[...]
</properties>
  <testcase name="Get all albums" classname="Albums API" time="3.599">
    <system-out><![CDATA[
Scenario: Get all albums                                           # src/test/java/features/albums.feature:6
  Given the API base URL is "https://jsonplaceholder.typicode.com" # stepDefinitions.PostsSteps.the_api_base_url_is(java.lang.String)
  When I send a GET request to "/albums"                           # stepDefinitions.PostsSteps.i_send_a_get_request_to(java.lang.String)
  Then the response status code should be 200                      # stepDefinitions.PostsSteps.the_response_status_code_should_be(java.lang.Integer)
  And the response should contain 100 items                        # stepDefinitions.PostsSteps.the_response_should_contain_items(java.lang.Integer)
]]></system-out>
  </testcase>
  <testcase name="Get album by valid ID" classname="Albums API" time="1.213">
    <system-out><![CDATA[
Scenario: Get album by valid ID                                    # src/test/java/features/albums.feature:11
  Given the API base URL is "https://jsonplaceholder.typicode.com" # stepDefinitions.PostsSteps.the_api_base_url_is(java.lang.String)
  When I send a GET request to "/albums/1"                         # stepDefinitions.PostsSteps.i_send_a_get_request_to(java.lang.String)
  Then the response status code should be 200                      # stepDefinitions.PostsSteps.the_response_status_code_should_be(java.lang.Integer)
  And the field "id" should equal 1                                # stepDefinitions.PostsSteps.the_field_should_equal_int(java.lang.String,java.lang.Integer)
]]></system-out>
  </testcase>
  <testcase name="Get album by invalid ID" classname="Albums API" time="0.758">
    <system-out><![CDATA[
Scenario: Get album by invalid ID                                  # src/test/java/features/albums.feature:16
  Given the API base URL is "https://jsonplaceholder.typicode.com" # stepDefinitions.PostsSteps.the_api_base_url_is(java.lang.String)
  When I send a GET request to "/albums/9999"                      # stepDefinitions.PostsSteps.i_send_a_get_request_to(java.lang.String)
  Then the response status code should be 404                      # stepDefinitions.PostsSteps.the_response_status_code_should_be(java.lang.Integer)
]]></system-out>
  </testcase>
  <testcase name="Get all comments" classname="Comments API" time="0.628">
    <system-out><![CDATA[
Scenario: Get all comments                                         # src/test/java/features/comments.feature:6
  Given the API base URL is "https://jsonplaceholder.typicode.com" # stepDefinitions.PostsSteps.the_api_base_url_is(java.lang.String)
  When I send a GET request to "/comments"                         # stepDefinitions.PostsSteps.i_send_a_get_request_to(java.lang.String)
  Then the response status code should be 200                      # stepDefinitions.PostsSteps.the_response_status_code_should_be(java.lang.Integer)
  And the response should contain 500 items                        # stepDefinitions.PostsSteps.the_response_should_contain_items(java.lang.Integer)
]]></system-out>
  </testcase>
  <testcase name="Get comments by valid postId" classname="Comments API" time="0.595">
    <system-out><![CDATA[
Scenario: Get comments by valid postId                             # src/test/java/features/comments.feature:11
  Given the API base URL is "https://jsonplaceholder.typicode.com" # stepDefinitions.PostsSteps.the_api_base_url_is(java.lang.String)
  When I send a GET request to "/comments?postId=1"                # stepDefinitions.PostsSteps.i_send_a_get_request_to(java.lang.String)
  Then the response status code should be 200                      # stepDefinitions.PostsSteps.the_response_status_code_should_be(java.lang.Integer)
  And every item should have "postId" equal to 1                   # stepDefinitions.PostsSteps.every_item_should_have_equal_to(java.lang.String,java.lang.Integer)
]]></system-out>
  </testcase>
  <testcase name="Get comments by invalid postId" classname="Comments API" time="0.508">
    <system-out><![CDATA[
Scenario: Get comments by invalid postId                           # src/test/java/features/comments.feature:16
  Given the API base URL is "https://jsonplaceholder.typicode.com" # stepDefinitions.PostsSteps.the_api_base_url_is(java.lang.String)
  When I send a GET request to "/comments?postId=9999"             # stepDefinitions.PostsSteps.i_send_a_get_request_to(java.lang.String)
  Then the response status code should be 200                      # stepDefinitions.PostsSteps.the_response_status_code_should_be(java.lang.Integer)
  And the response should contain 0 items                          # stepDefinitions.PostsSteps.the_response_should_contain_items(java.lang.Integer)
]]></system-out>
  </testcase>
  <testcase name="Get all photos" classname="Photos API" time="1.228">
    <system-out><![CDATA[
Scenario: Get all photos                                           # src/test/java/features/photos.feature:6
  Given the API base URL is "https://jsonplaceholder.typicode.com" # stepDefinitions.PostsSteps.the_api_base_url_is(java.lang.String)
  When I send a GET request to "/photos"                           # stepDefinitions.PostsSteps.i_send_a_get_request_to(java.lang.String)
  Then the response status code should be 200                      # stepDefinitions.PostsSteps.the_response_status_code_should_be(java.lang.Integer)
  And the response should contain 5000 items                       # stepDefinitions.PostsSteps.the_response_should_contain_items(java.lang.Integer)
]]></system-out>
  </testcase>
  <testcase name="Get photos by valid albumId" classname="Photos API" time="0.763">
    <system-out><![CDATA[
Scenario: Get photos by valid albumId                              # src/test/java/features/photos.feature:11
  Given the API base URL is "https://jsonplaceholder.typicode.com" # stepDefinitions.PostsSteps.the_api_base_url_is(java.lang.String)
  When I send a GET request to "/photos?albumId=1"                 # stepDefinitions.PostsSteps.i_send_a_get_request_to(java.lang.String)
  Then the response status code should be 200                      # stepDefinitions.PostsSteps.the_response_status_code_should_be(java.lang.Integer)
  And every item should have "albumId" equal to 1                  # stepDefinitions.PostsSteps.every_item_should_have_equal_to(java.lang.String,java.lang.Integer)
]]></system-out>
  </testcase>
  <testcase name="Get photos by invalid albumId" classname="Photos API" time="0.505">
    <system-out><![CDATA[
Scenario: Get photos by invalid albumId                            # src/test/java/features/photos.feature:16
  Given the API base URL is "https://jsonplaceholder.typicode.com" # stepDefinitions.PostsSteps.the_api_base_url_is(java.lang.String)
  When I send a GET request to "/photos?albumId=9999"              # stepDefinitions.PostsSteps.i_send_a_get_request_to(java.lang.String)
  Then the response status code should be 200                      # stepDefinitions.PostsSteps.the_response_status_code_should_be(java.lang.Integer)
  And the response should contain 0 items                          # stepDefinitions.PostsSteps.the_response_should_contain_items(java.lang.Integer)
]]></system-out>
  </testcase>
  <testcase name="Get all posts" classname="Posts API" time="0.518">
    <system-out><![CDATA[
Scenario: Get all posts                                            # src/test/java/features/posts.feature:7
  Given the API base URL is "https://jsonplaceholder.typicode.com" # stepDefinitions.PostsSteps.the_api_base_url_is(java.lang.String)
  When I send a GET request to "/posts"                            # stepDefinitions.PostsSteps.i_send_a_get_request_to(java.lang.String)
  Then the response status code should be 200                      # stepDefinitions.PostsSteps.the_response_status_code_should_be(java.lang.Integer)
  And the response should contain 100 items                        # stepDefinitions.PostsSteps.the_response_should_contain_items(java.lang.Integer)
]]></system-out>
  </testcase>
  <testcase name="Get a single post by ID" classname="Posts API" time="0.439">
    <system-out><![CDATA[
Scenario: Get a single post by ID                                  # src/test/java/features/posts.feature:12
  Given the API base URL is "https://jsonplaceholder.typicode.com" # stepDefinitions.PostsSteps.the_api_base_url_is(java.lang.String)
  When I send a GET request to "/posts/1"                          # stepDefinitions.PostsSteps.i_send_a_get_request_to(java.lang.String)
  Then the response status code should be 200                      # stepDefinitions.PostsSteps.the_response_status_code_should_be(java.lang.Integer)
  And the field "id" should equal 1                                # stepDefinitions.PostsSteps.the_field_should_equal_int(java.lang.String,java.lang.Integer)
]]></system-out>
  </testcase>
  <testcase name="Create a new post with valid data" classname="Posts API" time="0.78">
    <system-out><![CDATA[
Scenario: Create a new post with valid data                        # src/test/java/features/posts.feature:17
  Given the API base URL is "https://jsonplaceholder.typicode.com" # stepDefinitions.PostsSteps.the_api_base_url_is(java.lang.String)
  When I send a POST request to "/posts" with body:                # stepDefinitions.PostsSteps.i_send_a_post_request_to_with_body(java.lang.String,java.lang.String)
  Then the response status code should be 201                      # stepDefinitions.PostsSteps.the_response_status_code_should_be(java.lang.Integer)
  And the field "title" should equal "foo"                         # stepDefinitions.PostsSteps.the_field_should_equal_string(java.lang.String,java.lang.String)
  And the field "body" should equal "bar"                          # stepDefinitions.PostsSteps.the_field_should_equal_string(java.lang.String,java.lang.String)
  And the field "userId" should equal 1                            # stepDefinitions.PostsSteps.the_field_should_equal_int(java.lang.String,java.lang.Integer)
]]></system-out>
  </testcase>
  <testcase name="Create a new post with missing required field" classname="Posts API" time="0.718">
    <system-out><![CDATA[
Scenario: Create a new post with missing required field            # src/test/java/features/posts.feature:32
  Given the API base URL is "https://jsonplaceholder.typicode.com" # stepDefinitions.PostsSteps.the_api_base_url_is(java.lang.String)
  When I send a POST request to "/posts" with body:                # stepDefinitions.PostsSteps.i_send_a_post_request_to_with_body(java.lang.String,java.lang.String)
  Then the response status code should be 201                      # stepDefinitions.PostsSteps.the_response_status_code_should_be(java.lang.Integer)
]]></system-out>
  </testcase>
  <testcase name="Update a post with valid ID using PUT" classname="Posts API" time="0.586">
    <system-out><![CDATA[
Scenario: Update a post with valid ID using PUT                    # src/test/java/features/posts.feature:41
  Given the API base URL is "https://jsonplaceholder.typicode.com" # stepDefinitions.PostsSteps.the_api_base_url_is(java.lang.String)
  When I send a PUT request to "/posts/1" with body:               # stepDefinitions.PostsSteps.i_send_a_put_request_to_with_body(java.lang.String,java.lang.String)
  Then the response status code should be 200                      # stepDefinitions.PostsSteps.the_response_status_code_should_be(java.lang.Integer)
  And the field "title" should equal "updated title"               # stepDefinitions.PostsSteps.the_field_should_equal_string(java.lang.String,java.lang.String)
]]></system-out>
  </testcase>
  <testcase name="Update a post with invalid ID using PUT" classname="Posts API" time="0.717">
    <system-out><![CDATA[
Scenario: Update a post with invalid ID using PUT                  # src/test/java/features/posts.feature:55
  Given the API base URL is "https://jsonplaceholder.typicode.com" # stepDefinitions.PostsSteps.the_api_base_url_is(java.lang.String)
  When I send a PUT request to "/posts/9999" with body:            # stepDefinitions.PostsSteps.i_send_a_put_request_to_with_body(java.lang.String,java.lang.String)
  Then the response status code should be 500                      # stepDefinitions.PostsSteps.the_response_status_code_should_be(java.lang.Integer)
]]></system-out>
  </testcase>
  <testcase name="Delete a post with valid ID" classname="Posts API" time="0.753">
    <system-out><![CDATA[
Scenario: Delete a post with valid ID                              # src/test/java/features/posts.feature:67
  Given the API base URL is "https://jsonplaceholder.typicode.com" # stepDefinitions.PostsSteps.the_api_base_url_is(java.lang.String)
  When I send a DELETE request to "/posts/1"                       # stepDefinitions.PostsSteps.i_send_a_delete_request_to(java.lang.String)
  Then the response status code should be 200                      # stepDefinitions.PostsSteps.the_response_status_code_should_be(java.lang.Integer)
]]></system-out>
  </testcase>
  <testcase name="Delete a post with invalid ID" classname="Posts API" time="0.728">
    <system-out><![CDATA[
Scenario: Delete a post with invalid ID                            # src/test/java/features/posts.feature:72
  Given the API base URL is "https://jsonplaceholder.typicode.com" # stepDefinitions.PostsSteps.the_api_base_url_is(java.lang.String)
  When I send a DELETE request to "/posts/9999"                    # stepDefinitions.PostsSteps.i_send_a_delete_request_to(java.lang.String)
  Then the response status code should be 200                      # stepDefinitions.PostsSteps.the_response_status_code_should_be(java.lang.Integer)
]]></system-out>
  </testcase>
  <testcase name="Get all todos" classname="Todos API" time="0.476">
    <system-out><![CDATA[
Scenario: Get all todos                                            # src/test/java/features/todos.feature:6
  Given the API base URL is "https://jsonplaceholder.typicode.com" # stepDefinitions.PostsSteps.the_api_base_url_is(java.lang.String)
  When I send a GET request to "/todos"                            # stepDefinitions.PostsSteps.i_send_a_get_request_to(java.lang.String)
  Then the response status code should be 200                      # stepDefinitions.PostsSteps.the_response_status_code_should_be(java.lang.Integer)
  And the response should contain 200 items                        # stepDefinitions.PostsSteps.the_response_should_contain_items(java.lang.Integer)
]]></system-out>
  </testcase>
  <testcase name="Get todos by valid ID" classname="Todos API" time="0.465">
    <system-out><![CDATA[
Scenario: Get todos by valid ID                                    # src/test/java/features/todos.feature:11
  Given the API base URL is "https://jsonplaceholder.typicode.com" # stepDefinitions.PostsSteps.the_api_base_url_is(java.lang.String)
  When I send a GET request to "/todos/1"                          # stepDefinitions.PostsSteps.i_send_a_get_request_to(java.lang.String)
  Then the response status code should be 200                      # stepDefinitions.PostsSteps.the_response_status_code_should_be(java.lang.Integer)
  And the field "id" should equal 1                                # stepDefinitions.PostsSteps.the_field_should_equal_int(java.lang.String,java.lang.Integer)
]]></system-out>
  </testcase>
  <testcase name="Get todos by invalid ID" classname="Todos API" time="0.484">
    <system-out><![CDATA[
Scenario: Get todos by invalid ID                                  # src/test/java/features/todos.feature:16
  Given the API base URL is "https://jsonplaceholder.typicode.com" # stepDefinitions.PostsSteps.the_api_base_url_is(java.lang.String)
  When I send a GET request to "/todos/9999"                       # stepDefinitions.PostsSteps.i_send_a_get_request_to(java.lang.String)
  Then the response status code should be 404                      # stepDefinitions.PostsSteps.the_response_status_code_should_be(java.lang.Integer)
]]></system-out>
  </testcase>
  <testcase name="Validate completed field is boolean" classname="Todos API" time="0.45">
    <system-out><![CDATA[
Scenario: Validate completed field is boolean                      # src/test/java/features/todos.feature:20
  Given the API base URL is "https://jsonplaceholder.typicode.com" # stepDefinitions.PostsSteps.the_api_base_url_is(java.lang.String)
  When I send a GET request to "/todos/1"                          # stepDefinitions.PostsSteps.i_send_a_get_request_to(java.lang.String)
  Then the response status code should be 200                      # stepDefinitions.PostsSteps.the_response_status_code_should_be(java.lang.Integer)
  And the field "completed" should equal "false"                   # stepDefinitions.PostsSteps.the_field_should_equal_string(java.lang.String,java.lang.String)
]]></system-out>
  </testcase>
  <testcase name="Get all users" classname="Users API" time="0.452">
    <system-out><![CDATA[
Scenario: Get all users                                            # src/test/java/features/users.feature:6
  Given the API base URL is "https://jsonplaceholder.typicode.com" # stepDefinitions.PostsSteps.the_api_base_url_is(java.lang.String)
  When I send a GET request to "/users"                            # stepDefinitions.PostsSteps.i_send_a_get_request_to(java.lang.String)
  Then the response status code should be 200                      # stepDefinitions.PostsSteps.the_response_status_code_should_be(java.lang.Integer)
  And the response should contain 10 items                         # stepDefinitions.PostsSteps.the_response_should_contain_items(java.lang.Integer)
]]></system-out>
  </testcase>
  <testcase name="Get user by valid ID" classname="Users API" time="0.499">
    <system-out><![CDATA[
Scenario: Get user by valid ID                                     # src/test/java/features/users.feature:11
  Given the API base URL is "https://jsonplaceholder.typicode.com" # stepDefinitions.PostsSteps.the_api_base_url_is(java.lang.String)
  When I send a GET request to "/users/1"                          # stepDefinitions.PostsSteps.i_send_a_get_request_to(java.lang.String)
  Then the response status code should be 200                      # stepDefinitions.PostsSteps.the_response_status_code_should_be(java.lang.Integer)
  And the field "id" should equal 1                                # stepDefinitions.PostsSteps.the_field_should_equal_int(java.lang.String,java.lang.Integer)
]]></system-out>
  </testcase>
  <testcase name="Get user by invalid ID" classname="Users API" time="0.734">
    <system-out><![CDATA[
Scenario: Get user by invalid ID                                   # src/test/java/features/users.feature:16
  Given the API base URL is "https://jsonplaceholder.typicode.com" # stepDefinitions.PostsSteps.the_api_base_url_is(java.lang.String)
  When I send a GET request to "/users/9999"                       # stepDefinitions.PostsSteps.i_send_a_get_request_to(java.lang.String)
  Then the response status code should be 404                      # stepDefinitions.PostsSteps.the_response_status_code_should_be(java.lang.Integer)
]]></system-out>
  </testcase>
  <testcase name="Validate required fields in user object" classname="Users API" time="0.488">
    <system-out><![CDATA[
Scenario: Validate required fields in user object                  # src/test/java/features/users.feature:20
  Given the API base URL is "https://jsonplaceholder.typicode.com" # stepDefinitions.PostsSteps.the_api_base_url_is(java.lang.String)
  When I send a GET request to "/users/1"                          # stepDefinitions.PostsSteps.i_send_a_get_request_to(java.lang.String)
  Then the response status code should be 200                      # stepDefinitions.PostsSteps.the_response_status_code_should_be(java.lang.Integer)
  And the field "name" should not be null                          # stepDefinitions.PostsSteps.the_field_should_not_be_null(java.lang.String)
  And the field "username" should not be null                      # stepDefinitions.PostsSteps.the_field_should_not_be_null(java.lang.String)
  And the field "email" should not be null                         # stepDefinitions.PostsSteps.the_field_should_not_be_null(java.lang.String)
]]></system-out>
  </testcase>
</testsuite>